TN:
SF:src/app.js
FNF:0
FNH:0
DA:1,1
DA:2,1
DA:3,1
DA:4,1
DA:5,1
DA:6,1
DA:7,1
DA:8,1
DA:9,1
DA:10,1
DA:11,1
DA:12,1
DA:13,1
LF:13
LH:13
BRF:0
BRH:0
end_of_record
TN:
SF:src/database.js
FN:6,disconnectPrisma
FNF:1
FNH:1
FNDA:17,disconnectPrisma
DA:1,1
DA:2,1
DA:3,1
DA:4,1
DA:5,1
DA:6,1
DA:7,17
DA:8,17
DA:9,1
DA:10,1
LF:10
LH:10
BRDA:6,0,0,17
BRF:1
BRH:1
end_of_record
TN:
SF:src/controller/clockController.js
FN:5,calculatePointersAngle
FNF:1
FNH:1
FNDA:8,calculatePointersAngle
DA:1,1
DA:2,1
DA:3,1
DA:4,1
DA:5,8
DA:6,8
DA:7,8
DA:8,8
DA:9,1
DA:10,1
DA:11,8
DA:12,8
DA:13,8
DA:14,5
DA:15,8
DA:16,3
DA:17,3
DA:18,5
DA:19,8
DA:20,1
DA:21,1
DA:22,1
DA:23,1
DA:24,4
DA:25,8
DA:26,3
DA:27,3
DA:28,4
DA:29,4
DA:30,4
DA:31,4
DA:32,4
DA:33,4
DA:34,8
DA:35,1
DA:36,1
DA:37,3
DA:38,3
DA:39,3
DA:40,8
DA:41,1
DA:42,1
DA:43,3
DA:44,3
DA:45,3
DA:46,3
DA:47,3
DA:48,3
DA:49,3
DA:50,3
DA:51,3
DA:52,1
DA:53,1
DA:54,1
DA:55,1
DA:56,1
DA:57,1
LF:57
LH:57
BRDA:5,0,0,8
BRDA:8,1,0,1
BRDA:13,2,0,5
BRDA:15,3,0,3
BRDA:17,4,0,5
BRDA:19,5,0,4
BRDA:19,6,0,4
BRDA:19,7,0,4
BRDA:19,8,0,1
BRDA:23,9,0,4
BRDA:25,10,0,3
BRDA:27,11,0,4
BRDA:34,12,0,1
BRDA:36,13,0,3
BRDA:40,14,0,1
BRDA:42,15,0,3
BRF:16
BRH:16
end_of_record
TN:
SF:src/middleware/errorHandlerMiddleware.js
FN:3,errorHandlerMiddleware
FNF:1
FNH:1
FNDA:6,errorHandlerMiddleware
DA:1,1
DA:2,1
DA:3,1
DA:4,6
DA:5,6
DA:6,6
DA:7,0
DA:8,0
DA:9,0
LF:9
LH:6
BRDA:3,0,0,6
BRDA:6,1,0,0
BRF:2
BRH:1
end_of_record
TN:
SF:src/repository/clockRepository.js
FN:3,create
FN:14,find
FNF:2
FNH:2
FNDA:3,create
FNDA:7,find
DA:1,1
DA:2,1
DA:3,3
DA:4,3
DA:5,3
DA:6,3
DA:7,3
DA:8,3
DA:9,3
DA:10,3
DA:11,3
DA:12,3
DA:13,1
DA:14,7
DA:15,7
DA:16,7
DA:17,7
DA:18,7
DA:19,7
DA:20,7
DA:21,7
DA:22,7
DA:23,7
DA:24,7
DA:25,7
DA:26,7
DA:27,7
DA:28,1
DA:29,1
DA:30,1
DA:31,1
DA:32,1
DA:33,1
DA:34,1
LF:34
LH:34
BRDA:3,0,0,3
BRDA:14,1,0,7
BRF:2
BRH:2
end_of_record
TN:
SF:src/router/clockRouter.js
FNF:0
FNH:0
DA:1,1
DA:2,1
DA:3,1
DA:4,1
DA:5,1
DA:6,1
DA:7,1
DA:8,1
DA:9,1
DA:10,1
DA:11,1
DA:12,1
DA:13,1
DA:14,1
DA:15,1
DA:16,1
DA:17,1
DA:18,1
LF:18
LH:18
BRDA:12,0,0,1
BRDA:15,1,0,1
BRF:2
BRH:2
end_of_record
TN:
SF:src/service/clockService.js
FN:3,insert
FN:7,checkIfRegisterExists
FNF:2
FNH:2
FNDA:3,insert
FNDA:7,checkIfRegisterExists
DA:1,1
DA:2,1
DA:3,3
DA:4,3
DA:5,3
DA:6,1
DA:7,7
DA:8,7
DA:9,7
DA:10,1
DA:11,1
DA:12,1
DA:13,1
DA:14,1
DA:15,1
DA:16,1
LF:16
LH:16
BRDA:3,0,0,3
BRDA:7,1,0,7
BRF:2
BRH:2
end_of_record
TN:
SF:src/utils/errorUtils.js
FN:1,isAppError
FN:5,errorTypeToStatusCode
FN:10,notFoundError
FN:14,formatError
FNF:4
FNH:4
FNDA:6,isAppError
FNDA:6,errorTypeToStatusCode
FNDA:2,notFoundError
FNDA:4,formatError
DA:1,1
DA:2,6
DA:3,6
DA:4,1
DA:5,1
DA:6,6
DA:7,4
DA:8,6
DA:9,1
DA:10,1
DA:11,2
DA:12,2
DA:13,1
DA:14,1
DA:15,4
DA:16,4
LF:16
LH:16
BRDA:1,0,0,6
BRDA:5,1,0,6
BRDA:6,2,0,2
BRDA:6,3,0,4
BRDA:10,4,0,2
BRDA:11,5,0,0
BRDA:14,6,0,4
BRDA:15,7,0,0
BRF:8
BRH:6
end_of_record
TN:
SF:src/utils/validationUtils.js
FN:1,checkIfHaveOnlyNumbers
FNF:1
FNH:1
FNDA:13,checkIfHaveOnlyNumbers
DA:1,13
DA:2,13
DA:3,13
DA:4,1
DA:5,1
DA:6,1
DA:7,1
DA:8,1
DA:9,1
LF:9
LH:9
BRDA:1,0,0,13
BRF:1
BRH:1
end_of_record
TN:
SF:tests/factory/dataFactory.js
FN:1,giveHourAndMinute
FN:8,giveInvalidHourAndMinute
FN:15,giveNegativeNumber
FN:19,giveDecimalNumber
FN:23,giveRandomString
FNF:5
FNH:5
FNDA:3,giveHourAndMinute
FNDA:1,giveInvalidHourAndMinute
FNDA:2,giveNegativeNumber
FNDA:2,giveDecimalNumber
FNDA:2,giveRandomString
DA:1,3
DA:2,3
DA:3,3
DA:4,3
DA:5,3
DA:6,3
DA:7,1
DA:8,1
DA:9,1
DA:10,1
DA:11,1
DA:12,1
DA:13,1
DA:14,1
DA:15,2
DA:16,2
DA:17,2
DA:18,1
DA:19,2
DA:20,2
DA:21,2
DA:22,1
DA:23,2
DA:24,2
DA:25,2
DA:26,2
DA:27,2
DA:28,20
DA:29,20
DA:30,20
DA:31,2
DA:32,2
DA:33,2
DA:34,1
DA:35,1
DA:36,1
DA:37,1
DA:38,1
DA:39,1
DA:40,1
DA:41,1
DA:42,1
DA:43,1
LF:43
LH:43
BRDA:1,0,0,3
BRDA:8,1,0,1
BRDA:15,2,0,2
BRDA:19,3,0,2
BRDA:23,4,0,2
BRDA:27,5,0,20
BRF:6
BRH:6
end_of_record
